<?xml version="1.0" encoding="UTF-8"?>
<!-- Generated by org.testng.reporters.JUnitReportReporter -->
<testsuite hostname="crazy" failures="0" tests="2" name="TestNg.Groups" time="0.012" errors="0" timestamp="2022-02-03T21:21:12 IST" skipped="0">
  <testcase classname="TestNg.Groups" name="m1" time="0.010"/>
  <system-out/>
  <testcase classname="TestNg.Groups" name="m2" time="0.002"/>
  <system-out/>
</testsuite> <!-- TestNg.Groups -->
