<?xml version="1.0" encoding="UTF-8"?>
<!-- Generated by org.testng.reporters.JUnitReportReporter -->
<testsuite hostname="crazy" failures="0" tests="2" name="DataDriven.DataProviderDemo" time="52.723" errors="0" timestamp="2022-01-26T23:05:11 IST" skipped="0">
  <testcase classname="DataDriven.DataProviderDemo" name="LoginApp" time="25.466"/>
  <system-out/>
  <testcase classname="DataDriven.DataProviderDemo" name="LoginApp" time="27.257"/>
  <system-out/>
</testsuite> <!-- DataDriven.DataProviderDemo -->
