<?xml version="1.0" encoding="UTF-8"?>
<!-- Generated by org.testng.reporters.JUnitReportReporter -->
<testsuite hostname="crazy" failures="0" tests="1" name="Automation.Demo.LaunchBrowser" time="15.332" errors="0" timestamp="2022-01-18T12:33:20 IST" skipped="0">
  <testcase classname="Automation.Demo.LaunchBrowser" name="LaunchBowserTest" time="15.332"/>
  <system-out/>
</testsuite> <!-- Automation.Demo.LaunchBrowser -->
