<?xml version="1.0" encoding="UTF-8"?>
<!-- Generated by org.testng.reporters.JUnitReportReporter -->
<testsuite hostname="crazy" failures="0" tests="1" name="TestNg.Annotations" time="0.011" errors="0" timestamp="2022-02-27T00:22:14 IST" skipped="0">
  <testcase classname="TestNg.Annotations" name="Test" time="0.011"/>
  <system-out/>
</testsuite> <!-- TestNg.Annotations -->
