<?xml version="1.0" encoding="UTF-8"?>
<!-- Generated by org.testng.reporters.JUnitReportReporter -->
<testsuite hostname="crazy" failures="0" tests="1" name="SeleniumFAQs.PdfReader" time="17.055" errors="0" timestamp="2022-03-05T23:06:31 IST" skipped="0">
  <testcase classname="SeleniumFAQs.PdfReader" name="pdfReaderText" time="17.055"/>
  <system-out/>
</testsuite> <!-- SeleniumFAQs.PdfReader -->
