<?xml version="1.0" encoding="UTF-8"?>
<!-- Generated by org.testng.reporters.JUnitReportReporter -->
<testsuite hostname="crazy" failures="0" tests="3" name="WindowHandles.WindowHandle" time="13.419" errors="0" timestamp="2022-02-04T23:36:34 IST" skipped="2">
  <testcase classname="WindowHandles.WindowHandle" name="Method1" time="13.419"/>
  <system-out/>
  <testcase classname="WindowHandles.WindowHandle" name="Method2">
    <skipped/>
  </testcase> <!-- Method2 -->
  <system-out/>
  <testcase classname="WindowHandles.WindowHandle" name="getWindowIds">
    <skipped/>
  </testcase> <!-- getWindowIds -->
  <system-out/>
</testsuite> <!-- WindowHandles.WindowHandle -->
