<?xml version="1.0" encoding="UTF-8"?>
<!-- Generated by org.testng.reporters.JUnitReportReporter -->
<testsuite hostname="crazy" failures="0" tests="1" name="com.Tricenties.tests.EnterVehicleDataTest" time="0.000" errors="0" timestamp="2022-02-25T23:38:20 IST" skipped="1">
  <testcase classname="com.Tricenties.tests.EnterVehicleDataTest" name="EnterVehicleData" time="0.000">
    <skipped/>
  </testcase> <!-- EnterVehicleData -->
  <system-out/>
</testsuite> <!-- com.Tricenties.tests.EnterVehicleDataTest -->
